<?xml version="1.0" encoding="UTF-8"?>
<testsuite name="Busqueda basica para rentar un auto" tests="1" skipped="0" failures="0" errors="0" timestamp="2021-06-02T04:30:56" hostname="LAPTOP-6N9OQL9L" time="21.225">
  <properties/>
  <testcase name="Flujo exitoso para cliente que busca rentar un auto" classname="Busqueda basica para rentar un auto" time="21.225"/>
  <system-out><![CDATA[
Escenario: Flujo exitoso para cliente que busca rentar un auto               ?[90m# src/test/resources/features/02_cars_basic_search.feature:5?[0m
Feature from file:///C:/Users/Fitideas/Desktop/My-Proyecto/src/test/resources/features/02_cars_basic_search.feature
23:30:56.381 [Test worker] INFO  - 
 _____ _____ ____ _____   ____ _____  _    ____ _____ _____ ____  
|_   _| ____/ ___|_   _| / ___|_   _|/ \  |  _ \_   _| ____|  _ \ 
  | | |  _| \___ \ | |   \___ \ | | / _ \ | |_) || | |  _| | | | |
  | | | |___ ___) || |    ___) || |/ ___ \|  _ < | | | |___| |_| |
  |_| |_____|____/ |_|   |____/ |_/_/   \_\_| \_\|_| |_____|____/ 

Flujo exitoso para cliente que busca rentar un auto(busqueda-basica-para-rentar-un-auto;flujo-exitoso-para-cliente-que-busca-rentar-un-auto)
-------------------------------------------------------------------
23:30:56.612 [Test worker] INFO net.serenitybdd.core.webdriver.driverproviders.ProvideNewDriver - Instantiating driver
23:30:56.612 [Test worker] INFO net.serenitybdd.core.webdriver.driverproviders.ProvideNewDriver - Driver capabilities: Capabilities {acceptInsecureCerts: false, browserName: chrome, chrome.switches: --start-maximized;--test-ty..., goog:chromeOptions: {args: [--start-maximized, --test-type, --no-sandbox, --ignore-certificate-errors..., --disable-popup-blocking, --disable-default-apps, --disable-extensions-file-a..., --incognito, --disable-infobars, --disable-gpu], extensions: []}, loggingPrefs: org.openqa.selenium.logging..., platform: ANY, version: }
23:30:58.269 [Test worker] DEBUG net.serenitybdd.core.photography.Darkroom - Opening darkroom
23:30:58.269 [Darkroom Processing Line] DEBUG net.serenitybdd.core.photography.DarkroomProcessingLine - Darkroom processing line starting up
23:30:58.716 [Test worker] DEBUG net.serenitybdd.core.photography.Darkroom - Send negative for processing for C:\Users\Fitideas\Desktop\My-Proyecto\target\site\serenity\d318b19f2b000b8a5b68fa9c8ba3ac0c08b3b11ec7c29f005322adfa6a9b9cc3.png
23:30:58.717 [Test worker] DEBUG net.thucydides.core.steps.StepInterceptor - STARTING STEP: StaysSteps.customerBegin - {0}Se inicia el proceso
23:30:58.739 [Test worker] DEBUG net.thucydides.core.steps.StepInterceptor - STARTING STEP: StartFlow.performAs - {0} opens the #url
23:31:04.325 [Test worker] DEBUG net.serenitybdd.core.photography.Darkroom - Send negative for processing for C:\Users\Fitideas\Desktop\My-Proyecto\target\site\serenity\61bc5183100bb55c035241fb2ea7b29391bf72432ced6dc43d97a4be8052cf35.png
23:31:04.326 [Test worker] DEBUG net.thucydides.core.steps.StepInterceptor - STEP DONE: {0} opens the #url
23:31:04.338 [Test worker] DEBUG net.thucydides.core.steps.StepInterceptor - STEP DONE: {0}Se inicia el proceso
  ?[32mDado ?[0m?[32mQue ?[0m?[32m?[1mAngel?[0m?[32m es un usuario que ingresa a la aplicacion?[0m                   ?[90m# automation.qa.ui.steps.StaysSteps.customerBegin(java.lang.String)?[0m
Step argument class io.cucumber.core.gherkin.vintage.GherkinVintageDataTableArgument
23:31:04.945 [Test worker] DEBUG net.serenitybdd.core.photography.Darkroom - Send negative for processing for C:\Users\Fitideas\Desktop\My-Proyecto\target\site\serenity\61bc5183100bb55c035241fb2ea7b29391bf72432ced6dc43d97a4be8052cf35.png
23:31:04.979 [Test worker] DEBUG net.thucydides.core.steps.StepInterceptor - STARTING STEP: CarsSteps.customerEnterCarsData - performAs
23:31:05.541 [Test worker] DEBUG net.serenitybdd.core.photography.Darkroom - Send negative for processing for C:\Users\Fitideas\Desktop\My-Proyecto\target\site\serenity\61bc5183100bb55c035241fb2ea7b29391bf72432ced6dc43d97a4be8052cf35.png
23:31:05.542 [Test worker] DEBUG net.thucydides.core.steps.StepInterceptor - STARTING STEP: Cars.performAs - {0} clicks on #target
23:31:05.543 [Test worker] DEBUG net.serenitybdd.screenplay.targets.IFrameSwitcher - default content already selected for Cars Button
23:31:06.313 [Test worker] DEBUG net.serenitybdd.core.photography.Darkroom - Send negative for processing for C:\Users\Fitideas\Desktop\My-Proyecto\target\site\serenity\0151bcf9e32eaf39afc41470fa1de074fa25581ecf272fcbf76f9ea4a34a0f9d.png
23:31:06.314 [Test worker] DEBUG net.thucydides.core.steps.StepInterceptor - STEP DONE: {0} clicks on #target
23:31:06.314 [Darkroom Processing Line] DEBUG net.serenitybdd.core.photography.DarkroomProcessingLine - Processing screenshot image in /var/screenshots/screenshot-1318984166114606403
23:31:06.314 [Darkroom Processing Line] DEBUG net.serenitybdd.core.photography.DarkroomProcessingLine - Saving screenshot to C:\Users\Fitideas\Desktop\My-Proyecto\target\site\serenity\0151bcf9e32eaf39afc41470fa1de074fa25581ecf272fcbf76f9ea4a34a0f9d.png
23:31:06.354 [Test worker] DEBUG net.thucydides.core.steps.StepInterceptor - STARTING STEP: Cars.performAs - {0} clicks on #target
23:31:06.356 [Test worker] DEBUG net.serenitybdd.screenplay.targets.IFrameSwitcher - default content already selected for Delivery
23:31:07.584 [Test worker] DEBUG net.serenitybdd.core.photography.Darkroom - Send negative for processing for C:\Users\Fitideas\Desktop\My-Proyecto\target\site\serenity\17d78219bd7eb2fcb0d836e0643a83c1d2dfe2407a3586e45b258a386f589b21.png
23:31:07.584 [Test worker] DEBUG net.thucydides.core.steps.StepInterceptor - STEP DONE: {0} clicks on #target
23:31:07.584 [Darkroom Processing Line] DEBUG net.serenitybdd.core.photography.DarkroomProcessingLine - Processing screenshot image in /var/screenshots/screenshot-8984248579284125914
23:31:07.585 [Darkroom Processing Line] DEBUG net.serenitybdd.core.photography.DarkroomProcessingLine - Saving screenshot to C:\Users\Fitideas\Desktop\My-Proyecto\target\site\serenity\17d78219bd7eb2fcb0d836e0643a83c1d2dfe2407a3586e45b258a386f589b21.png
23:31:07.624 [Test worker] DEBUG net.thucydides.core.steps.StepInterceptor - STARTING STEP: Cars.performAs - {0} enters #theTextAsAString into #target
23:31:07.625 [Test worker] DEBUG net.serenitybdd.screenplay.targets.IFrameSwitcher - default content already selected for Delivery01
23:31:08.231 [Test worker] DEBUG net.serenitybdd.screenplay.targets.IFrameSwitcher - default content already selected for Delivery01
23:31:08.570 [Test worker] DEBUG net.serenitybdd.core.photography.Darkroom - Send negative for processing for C:\Users\Fitideas\Desktop\My-Proyecto\target\site\serenity\6c04c8997551f002caf778da4504ba81c9c750f5e9443424552eb5797c0e25c9.png
23:31:08.570 [Test worker] DEBUG net.thucydides.core.steps.StepInterceptor - STEP DONE: {0} enters #theTextAsAString into #target
23:31:08.570 [Darkroom Processing Line] DEBUG net.serenitybdd.core.photography.DarkroomProcessingLine - Processing screenshot image in /var/screenshots/screenshot-7544985980817669048
23:31:08.570 [Darkroom Processing Line] DEBUG net.serenitybdd.core.photography.DarkroomProcessingLine - Saving screenshot to C:\Users\Fitideas\Desktop\My-Proyecto\target\site\serenity\6c04c8997551f002caf778da4504ba81c9c750f5e9443424552eb5797c0e25c9.png
23:31:08.586 [Test worker] DEBUG net.thucydides.core.steps.StepInterceptor - STARTING STEP: Cars.performAs - {0} clicks on #target
23:31:08.586 [Test worker] DEBUG net.serenitybdd.screenplay.targets.IFrameSwitcher - default content already selected for Return
23:31:09.086 [Test worker] DEBUG net.serenitybdd.core.photography.Darkroom - Send negative for processing for C:\Users\Fitideas\Desktop\My-Proyecto\target\site\serenity\9cf54267e15f47ac32d97a44b5c4f9edee01c7027e1d0e9a1ce82b0cd432d544.png
23:31:09.087 [Test worker] DEBUG net.thucydides.core.steps.StepInterceptor - STEP DONE: {0} clicks on #target
23:31:09.087 [Darkroom Processing Line] DEBUG net.serenitybdd.core.photography.DarkroomProcessingLine - Processing screenshot image in /var/screenshots/screenshot-2861266540780030893
23:31:09.087 [Darkroom Processing Line] DEBUG net.serenitybdd.core.photography.DarkroomProcessingLine - Saving screenshot to C:\Users\Fitideas\Desktop\My-Proyecto\target\site\serenity\9cf54267e15f47ac32d97a44b5c4f9edee01c7027e1d0e9a1ce82b0cd432d544.png
23:31:09.101 [Test worker] DEBUG net.thucydides.core.steps.StepInterceptor - STARTING STEP: Cars.performAs - {0} enters #theTextAsAString into #target
23:31:09.101 [Test worker] DEBUG net.serenitybdd.screenplay.targets.IFrameSwitcher - default content already selected for Return01
23:31:09.476 [Test worker] DEBUG net.serenitybdd.screenplay.targets.IFrameSwitcher - default content already selected for Return01
23:31:09.833 [Test worker] DEBUG net.serenitybdd.core.photography.Darkroom - Send negative for processing for C:\Users\Fitideas\Desktop\My-Proyecto\target\site\serenity\9b1643237ae24dd7186e9df096403b7f184294fb88bf4023fa7ece1e988b1995.png
23:31:09.833 [Test worker] DEBUG net.thucydides.core.steps.StepInterceptor - STEP DONE: {0} enters #theTextAsAString into #target
23:31:09.833 [Darkroom Processing Line] DEBUG net.serenitybdd.core.photography.DarkroomProcessingLine - Processing screenshot image in /var/screenshots/screenshot-5919614289484541999
23:31:09.833 [Darkroom Processing Line] DEBUG net.serenitybdd.core.photography.DarkroomProcessingLine - Saving screenshot to C:\Users\Fitideas\Desktop\My-Proyecto\target\site\serenity\9b1643237ae24dd7186e9df096403b7f184294fb88bf4023fa7ece1e988b1995.png
23:31:09.847 [Test worker] DEBUG net.thucydides.core.steps.StepInterceptor - STARTING STEP: Cars.performAs - {0} clicks on #target
23:31:09.848 [Test worker] DEBUG net.serenitybdd.screenplay.targets.IFrameSwitcher - default content already selected for PickUp Time
23:31:10.363 [Test worker] DEBUG net.serenitybdd.core.photography.Darkroom - Send negative for processing for C:\Users\Fitideas\Desktop\My-Proyecto\target\site\serenity\256881583b25c2fb6734328ae3dc0d978c13c9ea6c3e3b419a26811e872442eb.png
23:31:10.364 [Darkroom Processing Line] DEBUG net.serenitybdd.core.photography.DarkroomProcessingLine - Processing screenshot image in /var/screenshots/screenshot-139534110728197561
23:31:10.364 [Darkroom Processing Line] DEBUG net.serenitybdd.core.photography.DarkroomProcessingLine - Saving screenshot to C:\Users\Fitideas\Desktop\My-Proyecto\target\site\serenity\256881583b25c2fb6734328ae3dc0d978c13c9ea6c3e3b419a26811e872442eb.png
23:31:10.364 [Test worker] DEBUG net.thucydides.core.steps.StepInterceptor - STEP DONE: {0} clicks on #target
23:31:10.378 [Test worker] DEBUG net.thucydides.core.steps.StepInterceptor - STARTING STEP: Cars.performAs - {0} selects #value in #target
23:31:10.378 [Test worker] DEBUG net.serenitybdd.screenplay.targets.IFrameSwitcher - default content already selected for PickUp Time
23:31:10.896 [Test worker] DEBUG net.serenitybdd.core.photography.Darkroom - Send negative for processing for C:\Users\Fitideas\Desktop\My-Proyecto\target\site\serenity\256881583b25c2fb6734328ae3dc0d978c13c9ea6c3e3b419a26811e872442eb.png
23:31:10.896 [Test worker] DEBUG net.thucydides.core.steps.StepInterceptor - STEP DONE: {0} selects #value in #target
23:31:10.911 [Test worker] DEBUG net.thucydides.core.steps.StepInterceptor - STARTING STEP: Cars.performAs - {0} clicks on #target
23:31:10.911 [Test worker] DEBUG net.serenitybdd.screenplay.targets.IFrameSwitcher - default content already selected for DropOff Time
23:31:11.813 [Test worker] DEBUG net.serenitybdd.core.photography.Darkroom - Send negative for processing for C:\Users\Fitideas\Desktop\My-Proyecto\target\site\serenity\b1a74ec59c7615a9707a7d7f535be54c5fed90ccbe677cba13a7dc65eca2675e.png
23:31:11.814 [Test worker] DEBUG net.thucydides.core.steps.StepInterceptor - STEP DONE: {0} clicks on #target
23:31:11.814 [Darkroom Processing Line] DEBUG net.serenitybdd.core.photography.DarkroomProcessingLine - Processing screenshot image in /var/screenshots/screenshot-7965648748411249009
23:31:11.815 [Darkroom Processing Line] DEBUG net.serenitybdd.core.photography.DarkroomProcessingLine - Saving screenshot to C:\Users\Fitideas\Desktop\My-Proyecto\target\site\serenity\b1a74ec59c7615a9707a7d7f535be54c5fed90ccbe677cba13a7dc65eca2675e.png
23:31:11.858 [Test worker] DEBUG net.thucydides.core.steps.StepInterceptor - STARTING STEP: Cars.performAs - {0} selects #value in #target
23:31:11.859 [Test worker] DEBUG net.serenitybdd.screenplay.targets.IFrameSwitcher - default content already selected for DropOff Time
23:31:12.986 [Test worker] DEBUG net.serenitybdd.core.photography.Darkroom - Send negative for processing for C:\Users\Fitideas\Desktop\My-Proyecto\target\site\serenity\cdfe76e9e8ff930b81ba93533e7b34f55761f4c1b05727f81dd93e1289481911.png
23:31:12.987 [Test worker] DEBUG net.thucydides.core.steps.StepInterceptor - STEP DONE: {0} selects #value in #target
23:31:12.987 [Darkroom Processing Line] DEBUG net.serenitybdd.core.photography.DarkroomProcessingLine - Processing screenshot image in /var/screenshots/screenshot-6644959271459056950
23:31:12.987 [Darkroom Processing Line] DEBUG net.serenitybdd.core.photography.DarkroomProcessingLine - Saving screenshot to C:\Users\Fitideas\Desktop\My-Proyecto\target\site\serenity\cdfe76e9e8ff930b81ba93533e7b34f55761f4c1b05727f81dd93e1289481911.png
23:31:13.020 [Test worker] DEBUG net.thucydides.core.steps.StepInterceptor - STARTING STEP: Cars.performAs - {0} clicks on #target
23:31:13.021 [Test worker] DEBUG net.serenitybdd.screenplay.targets.IFrameSwitcher - default content already selected for Search
23:31:15.138 [Test worker] DEBUG net.serenitybdd.core.photography.Darkroom - Send negative for processing for C:\Users\Fitideas\Desktop\My-Proyecto\target\site\serenity\aea8e66f2b70e15cbe974be009321d4e09d8ec1dbb669612d4bdd9cf4b501171.png
23:31:15.139 [Test worker] DEBUG net.thucydides.core.steps.StepInterceptor - STEP DONE: {0} clicks on #target
23:31:15.139 [Darkroom Processing Line] DEBUG net.serenitybdd.core.photography.DarkroomProcessingLine - Processing screenshot image in /var/screenshots/screenshot-726018140587069450
23:31:15.139 [Darkroom Processing Line] DEBUG net.serenitybdd.core.photography.DarkroomProcessingLine - Saving screenshot to C:\Users\Fitideas\Desktop\My-Proyecto\target\site\serenity\aea8e66f2b70e15cbe974be009321d4e09d8ec1dbb669612d4bdd9cf4b501171.png
23:31:15.153 [Test worker] DEBUG net.thucydides.core.steps.StepInterceptor - STEP DONE: performAs
  ?[32mCuando ?[0m?[32mDigita la informacion de para buscar un auto para rentar?[0m            ?[90m# automation.qa.ui.steps.CarsSteps.customerEnterCarsData(java.util.List<automation.qa.ui.dtos.CarsData>)?[0m
23:31:15.188 [Test worker] DEBUG net.serenitybdd.screenplay.targets.IFrameSwitcher - default content already selected for OrderBy
  ?[32mEntonces ?[0m?[32mEl sistema le mostrara los resultados de la busqueda para el auto?[0m ?[90m# automation.qa.ui.steps.CarsSteps.customerSuccess()?[0m
23:31:16.765 [Test worker] DEBUG net.serenitybdd.core.photography.Darkroom - Send negative for processing for C:\Users\Fitideas\Desktop\My-Proyecto\target\site\serenity\ba9e1c51f784102602b50f1a442e64575a32e316a28d0b194c96dcdda9a96180.png
23:31:16.765 [Darkroom Processing Line] DEBUG net.serenitybdd.core.photography.DarkroomProcessingLine - Processing screenshot image in /var/screenshots/screenshot-5895112199191428767
23:31:16.765 [Darkroom Processing Line] DEBUG net.serenitybdd.core.photography.DarkroomProcessingLine - Saving screenshot to C:\Users\Fitideas\Desktop\My-Proyecto\target\site\serenity\ba9e1c51f784102602b50f1a442e64575a32e316a28d0b194c96dcdda9a96180.png
23:31:17.596 [Test worker] INFO  - 
        __    _____ _____ ____ _____   ____   _    ____  ____  _____ ____  
  _     \ \  |_   _| ____/ ___|_   _| |  _ \ / \  / ___|/ ___|| ____|  _ \ 
 (_)_____| |   | | |  _| \___ \ | |   | |_) / _ \ \___ \\___ \|  _| | | | |
  _|_____| |   | | | |___ ___) || |   |  __/ ___ \ ___) |___) | |___| |_| |
 (_)     | |   |_| |_____|____/ |_|   |_| /_/   \_\____/|____/|_____|____/ 
        /_/                                                                

Flujo exitoso para cliente que busca rentar un auto
----------------------------------------------------------------------------
]]></system-out>
  <system-err><![CDATA[jun 01, 2021 11:30:56 PM org.openqa.selenium.remote.DesiredCapabilities chrome
INFORMACIÓN: Using `new ChromeOptions()` is preferred to `DesiredCapabilities.chrome()`
Starting ChromeDriver 91.0.4472.19 (1bf021f248676a0b2ab3ee0561d83a59e424c23e-refs/branch-heads/4472@{#288}) on port 36927
Only local connections are allowed.
Please see https://chromedriver.chromium.org/security-considerations for suggestions on keeping ChromeDriver safe.
ChromeDriver was started successfully.
jun 01, 2021 11:30:57 PM org.openqa.selenium.remote.ProtocolHandshake createSession
INFORMACIÓN: Detected dialect: W3C
]]></system-err>
</testsuite>
