<?xml version="1.0" encoding="UTF-8"?>
<testsuite name="Validación de campos obligatorios para hospedaje" tests="1" skipped="0" failures="0" errors="0" timestamp="2021-06-02T04:31:17" hostname="LAPTOP-6N9OQL9L" time="11.67">
  <properties/>
  <testcase name="Flujo para verificacion de campos obligatorios" classname="Validación de campos obligatorios para hospedaje" time="11.67"/>
  <system-out><![CDATA[
Escenario: Flujo para verificacion de campos obligatorios        ?[90m# src/test/resources/features/03_required_fields.feature:5?[0m
Feature from file:///C:/Users/Fitideas/Desktop/My-Proyecto/src/test/resources/features/03_required_fields.feature
23:31:17.604 [Test worker] INFO  - 
 _____ _____ ____ _____   ____ _____  _    ____ _____ _____ ____  
|_   _| ____/ ___|_   _| / ___|_   _|/ \  |  _ \_   _| ____|  _ \ 
  | | |  _| \___ \ | |   \___ \ | | / _ \ | |_) || | |  _| | | | |
  | | | |___ ___) || |    ___) || |/ ___ \|  _ < | | | |___| |_| |
  |_| |_____|____/ |_|   |____/ |_/_/   \_\_| \_\|_| |_____|____/ 

Flujo para verificacion de campos obligatorios(validación-de-campos-obligatorios-para-hospedaje;flujo-para-verificacion-de-campos-obligatorios)
-------------------------------------------------------------------
23:31:17.834 [Test worker] INFO net.serenitybdd.core.webdriver.driverproviders.ProvideNewDriver - Instantiating driver
23:31:17.834 [Test worker] INFO net.serenitybdd.core.webdriver.driverproviders.ProvideNewDriver - Driver capabilities: Capabilities {acceptInsecureCerts: false, browserName: chrome, chrome.switches: --start-maximized;--test-ty..., goog:chromeOptions: {args: [--start-maximized, --test-type, --no-sandbox, --ignore-certificate-errors..., --disable-popup-blocking, --disable-default-apps, --disable-extensions-file-a..., --incognito, --disable-infobars, --disable-gpu], extensions: []}, loggingPrefs: org.openqa.selenium.logging..., platform: ANY, version: }
23:31:19.436 [Test worker] DEBUG net.serenitybdd.core.photography.Darkroom - Opening darkroom
23:31:19.437 [Darkroom Processing Line] DEBUG net.serenitybdd.core.photography.DarkroomProcessingLine - Darkroom processing line starting up
23:31:19.641 [Test worker] DEBUG net.serenitybdd.core.photography.Darkroom - Send negative for processing for C:\Users\Fitideas\Desktop\My-Proyecto\target\site\serenity\d318b19f2b000b8a5b68fa9c8ba3ac0c08b3b11ec7c29f005322adfa6a9b9cc3.png
23:31:19.641 [Test worker] DEBUG net.thucydides.core.steps.StepInterceptor - STARTING STEP: StaysSteps.customerBegin - {0}Se inicia el proceso
23:31:19.664 [Test worker] DEBUG net.thucydides.core.steps.StepInterceptor - STARTING STEP: StartFlow.performAs - {0} opens the #url
23:31:25.196 [Test worker] DEBUG net.serenitybdd.core.photography.Darkroom - Send negative for processing for C:\Users\Fitideas\Desktop\My-Proyecto\target\site\serenity\95b66a685790bfa37eb0e25408f80eb2d07356c4c76433b0d4315551acf4c2e2.png
23:31:25.197 [Test worker] DEBUG net.thucydides.core.steps.StepInterceptor - STEP DONE: {0} opens the #url
23:31:25.197 [Darkroom Processing Line] DEBUG net.serenitybdd.core.photography.DarkroomProcessingLine - Processing screenshot image in /var/screenshots/screenshot-8651481452176683445
23:31:25.197 [Darkroom Processing Line] DEBUG net.serenitybdd.core.photography.DarkroomProcessingLine - Saving screenshot to C:\Users\Fitideas\Desktop\My-Proyecto\target\site\serenity\95b66a685790bfa37eb0e25408f80eb2d07356c4c76433b0d4315551acf4c2e2.png
23:31:25.214 [Test worker] DEBUG net.thucydides.core.steps.StepInterceptor - STEP DONE: {0}Se inicia el proceso
  ?[32mDado ?[0m?[32mQue ?[0m?[32m?[1mCatalina?[0m?[32m es un usuario que ingresa a la aplicacion?[0m    ?[90m# automation.qa.ui.steps.StaysSteps.customerBegin(java.lang.String)?[0m
23:31:25.794 [Test worker] DEBUG net.serenitybdd.core.photography.Darkroom - Send negative for processing for C:\Users\Fitideas\Desktop\My-Proyecto\target\site\serenity\95b66a685790bfa37eb0e25408f80eb2d07356c4c76433b0d4315551acf4c2e2.png
23:31:25.795 [Test worker] DEBUG net.thucydides.core.steps.StepInterceptor - STARTING STEP: StaysValidationSteps.customerSearch - performAs
23:31:25.814 [Test worker] DEBUG net.thucydides.core.steps.StepInterceptor - STARTING STEP: StaysValid.performAs - {0} clicks on #target
23:31:25.814 [Test worker] DEBUG net.serenitybdd.screenplay.targets.IFrameSwitcher - default content already selected for Search
23:31:26.579 [Test worker] DEBUG net.serenitybdd.core.photography.Darkroom - Send negative for processing for C:\Users\Fitideas\Desktop\My-Proyecto\target\site\serenity\edc9ce6bc2e2571e59c174804ec3c3b325e3c835da21a1f7f3806e03b9e2a1a9.png
23:31:26.579 [Test worker] DEBUG net.thucydides.core.steps.StepInterceptor - STEP DONE: {0} clicks on #target
23:31:26.579 [Darkroom Processing Line] DEBUG net.serenitybdd.core.photography.DarkroomProcessingLine - Processing screenshot image in /var/screenshots/screenshot-308672129044573009
23:31:26.579 [Darkroom Processing Line] DEBUG net.serenitybdd.core.photography.DarkroomProcessingLine - Saving screenshot to C:\Users\Fitideas\Desktop\My-Proyecto\target\site\serenity\edc9ce6bc2e2571e59c174804ec3c3b325e3c835da21a1f7f3806e03b9e2a1a9.png
23:31:26.596 [Test worker] DEBUG net.thucydides.core.steps.StepInterceptor - STEP DONE: performAs
  ?[32mCuando ?[0m?[32mSelecciona la opcion buscar sin haber diligenciado nada?[0m ?[90m# automation.qa.ui.steps.StaysValidationSteps.customerSearch()?[0m
23:31:27.064 [Test worker] DEBUG net.serenitybdd.core.photography.Darkroom - Send negative for processing for C:\Users\Fitideas\Desktop\My-Proyecto\target\site\serenity\edc9ce6bc2e2571e59c174804ec3c3b325e3c835da21a1f7f3806e03b9e2a1a9.png
23:31:27.077 [Test worker] DEBUG net.serenitybdd.screenplay.targets.IFrameSwitcher - default content already selected for MessageError
  ?[32mEntonces ?[0m?[32mEl sistema le mostrara un mensaje de alerta?[0m           ?[90m# automation.qa.ui.steps.StaysValidationSteps.customerSuccess()?[0m
23:31:28.082 [Test worker] DEBUG net.serenitybdd.core.photography.Darkroom - Send negative for processing for C:\Users\Fitideas\Desktop\My-Proyecto\target\site\serenity\36183631f9df0b5445184b39e7c89c47d050f6ddbf71f4eb2eff8e0346950d43.png
23:31:28.083 [Darkroom Processing Line] DEBUG net.serenitybdd.core.photography.DarkroomProcessingLine - Processing screenshot image in /var/screenshots/screenshot-7067736991003318077
23:31:28.083 [Darkroom Processing Line] DEBUG net.serenitybdd.core.photography.DarkroomProcessingLine - Saving screenshot to C:\Users\Fitideas\Desktop\My-Proyecto\target\site\serenity\36183631f9df0b5445184b39e7c89c47d050f6ddbf71f4eb2eff8e0346950d43.png
23:31:29.266 [Test worker] INFO  - 
        __    _____ _____ ____ _____   ____   _    ____  ____  _____ ____  
  _     \ \  |_   _| ____/ ___|_   _| |  _ \ / \  / ___|/ ___|| ____|  _ \ 
 (_)_____| |   | | |  _| \___ \ | |   | |_) / _ \ \___ \\___ \|  _| | | | |
  _|_____| |   | | | |___ ___) || |   |  __/ ___ \ ___) |___) | |___| |_| |
 (_)     | |   |_| |_____|____/ |_|   |_| /_/   \_\____/|____/|_____|____/ 
        /_/                                                                

Flujo para verificacion de campos obligatorios
----------------------------------------------------------------------------
]]></system-out>
  <system-err><![CDATA[jun 01, 2021 11:31:17 PM org.openqa.selenium.remote.DesiredCapabilities chrome
INFORMACIÓN: Using `new ChromeOptions()` is preferred to `DesiredCapabilities.chrome()`
Starting ChromeDriver 91.0.4472.19 (1bf021f248676a0b2ab3ee0561d83a59e424c23e-refs/branch-heads/4472@{#288}) on port 15187
Only local connections are allowed.
Please see https://chromedriver.chromium.org/security-considerations for suggestions on keeping ChromeDriver safe.
ChromeDriver was started successfully.
jun 01, 2021 11:31:18 PM org.openqa.selenium.remote.ProtocolHandshake createSession
INFORMACIÓN: Detected dialect: W3C
]]></system-err>
</testsuite>
