<?xml version="1.0" encoding="UTF-8"?>
<testsuite name="Validar informacion al intentar reservar un hotel" tests="1" skipped="0" failures="0" errors="0" timestamp="2021-06-02T04:31:29" hostname="LAPTOP-6N9OQL9L" time="24.602">
  <properties/>
  <testcase name="Flujo exitoso para cliente que busca informacion sobre un hotel" classname="Validar informacion al intentar reservar un hotel" time="24.602"/>
  <system-out><![CDATA[
Escenario: Flujo exitoso para cliente que busca informacion sobre un hotel ?[90m# src/test/resources/features/04_hotel_reservation.feature:5?[0m
Feature from file:///C:/Users/Fitideas/Desktop/My-Proyecto/src/test/resources/features/04_hotel_reservation.feature
23:31:29.271 [Test worker] INFO  - 
 _____ _____ ____ _____   ____ _____  _    ____ _____ _____ ____  
|_   _| ____/ ___|_   _| / ___|_   _|/ \  |  _ \_   _| ____|  _ \ 
  | | |  _| \___ \ | |   \___ \ | | / _ \ | |_) || | |  _| | | | |
  | | | |___ ___) || |    ___) || |/ ___ \|  _ < | | | |___| |_| |
  |_| |_____|____/ |_|   |____/ |_/_/   \_\_| \_\|_| |_____|____/ 

Flujo exitoso para cliente que busca informacion sobre un hotel(validar-informacion-al-intentar-reservar-un-hotel;flujo-exitoso-para-cliente-que-busca-informacion-sobre-un-hotel)
-------------------------------------------------------------------
23:31:29.496 [Test worker] INFO net.serenitybdd.core.webdriver.driverproviders.ProvideNewDriver - Instantiating driver
23:31:29.496 [Test worker] INFO net.serenitybdd.core.webdriver.driverproviders.ProvideNewDriver - Driver capabilities: Capabilities {acceptInsecureCerts: false, browserName: chrome, chrome.switches: --start-maximized;--test-ty..., goog:chromeOptions: {args: [--start-maximized, --test-type, --no-sandbox, --ignore-certificate-errors..., --disable-popup-blocking, --disable-default-apps, --disable-extensions-file-a..., --incognito, --disable-infobars, --disable-gpu], extensions: []}, loggingPrefs: org.openqa.selenium.logging..., platform: ANY, version: }
23:31:31.100 [Test worker] DEBUG net.serenitybdd.core.photography.Darkroom - Opening darkroom
23:31:31.100 [Darkroom Processing Line] DEBUG net.serenitybdd.core.photography.DarkroomProcessingLine - Darkroom processing line starting up
23:31:31.805 [Test worker] DEBUG net.serenitybdd.core.photography.Darkroom - Send negative for processing for C:\Users\Fitideas\Desktop\My-Proyecto\target\site\serenity\d318b19f2b000b8a5b68fa9c8ba3ac0c08b3b11ec7c29f005322adfa6a9b9cc3.png
23:31:31.806 [Test worker] DEBUG net.thucydides.core.steps.StepInterceptor - STARTING STEP: StaysSteps.customerBegin - {0}Se inicia el proceso
23:31:31.835 [Test worker] DEBUG net.thucydides.core.steps.StepInterceptor - STARTING STEP: StartFlow.performAs - {0} opens the #url
23:31:36.990 [Test worker] DEBUG net.serenitybdd.core.photography.Darkroom - Send negative for processing for C:\Users\Fitideas\Desktop\My-Proyecto\target\site\serenity\61bc5183100bb55c035241fb2ea7b29391bf72432ced6dc43d97a4be8052cf35.png
23:31:36.990 [Test worker] DEBUG net.thucydides.core.steps.StepInterceptor - STEP DONE: {0} opens the #url
23:31:37.020 [Test worker] DEBUG net.thucydides.core.steps.StepInterceptor - STEP DONE: {0}Se inicia el proceso
  ?[32mDado ?[0m?[32mQue ?[0m?[32m?[1mFelipe?[0m?[32m es un usuario que ingresa a la aplicacion?[0m                ?[90m# automation.qa.ui.steps.StaysSteps.customerBegin(java.lang.String)?[0m
23:31:38.219 [Test worker] DEBUG net.serenitybdd.core.photography.Darkroom - Send negative for processing for C:\Users\Fitideas\Desktop\My-Proyecto\target\site\serenity\61bc5183100bb55c035241fb2ea7b29391bf72432ced6dc43d97a4be8052cf35.png
Step argument class io.cucumber.core.gherkin.vintage.GherkinVintageDataTableArgument
23:31:38.772 [Test worker] DEBUG net.serenitybdd.core.photography.Darkroom - Send negative for processing for C:\Users\Fitideas\Desktop\My-Proyecto\target\site\serenity\61bc5183100bb55c035241fb2ea7b29391bf72432ced6dc43d97a4be8052cf35.png
23:31:38.773 [Test worker] DEBUG net.thucydides.core.steps.StepInterceptor - STARTING STEP: StaysSteps.customerEnterStaysData - performAs
23:31:38.811 [Test worker] DEBUG net.thucydides.core.steps.StepInterceptor - STARTING STEP: Stays.performAs - {0} clicks on #target
23:31:38.812 [Test worker] DEBUG net.serenitybdd.screenplay.targets.IFrameSwitcher - default content already selected for Going To
23:31:39.637 [Test worker] DEBUG net.serenitybdd.core.photography.Darkroom - Send negative for processing for C:\Users\Fitideas\Desktop\My-Proyecto\target\site\serenity\a910a60e5ad9411190f79b9e4e29a1f32486f33a29f688664a61b66efaf21005.png
23:31:39.637 [Test worker] DEBUG net.thucydides.core.steps.StepInterceptor - STEP DONE: {0} clicks on #target
23:31:39.637 [Darkroom Processing Line] DEBUG net.serenitybdd.core.photography.DarkroomProcessingLine - Processing screenshot image in /var/screenshots/screenshot-4810502978824804799
23:31:39.637 [Darkroom Processing Line] DEBUG net.serenitybdd.core.photography.DarkroomProcessingLine - Saving screenshot to C:\Users\Fitideas\Desktop\My-Proyecto\target\site\serenity\a910a60e5ad9411190f79b9e4e29a1f32486f33a29f688664a61b66efaf21005.png
23:31:39.660 [Test worker] DEBUG net.thucydides.core.steps.StepInterceptor - STARTING STEP: Stays.performAs - {0} enters #theTextAsAString into #target
23:31:39.661 [Test worker] DEBUG net.serenitybdd.screenplay.targets.IFrameSwitcher - default content already selected for Going To
23:31:40.120 [Test worker] DEBUG net.serenitybdd.screenplay.targets.IFrameSwitcher - default content already selected for Going To
23:31:41.302 [Test worker] DEBUG net.serenitybdd.core.photography.Darkroom - Send negative for processing for C:\Users\Fitideas\Desktop\My-Proyecto\target\site\serenity\4ad254ea6f24c9f5ea5eec6dc11fa114503888ce081cb787af88f9eec93fc416.png
23:31:41.303 [Darkroom Processing Line] DEBUG net.serenitybdd.core.photography.DarkroomProcessingLine - Processing screenshot image in /var/screenshots/screenshot-8156886626924687953
23:31:41.303 [Test worker] DEBUG net.thucydides.core.steps.StepInterceptor - STEP DONE: {0} enters #theTextAsAString into #target
23:31:41.303 [Darkroom Processing Line] DEBUG net.serenitybdd.core.photography.DarkroomProcessingLine - Saving screenshot to C:\Users\Fitideas\Desktop\My-Proyecto\target\site\serenity\4ad254ea6f24c9f5ea5eec6dc11fa114503888ce081cb787af88f9eec93fc416.png
23:31:41.307 [Test worker] DEBUG net.serenitybdd.screenplay.targets.IFrameSwitcher - default content already selected for Search
23:31:42.562 [Test worker] DEBUG net.serenitybdd.core.photography.Darkroom - Send negative for processing for C:\Users\Fitideas\Desktop\My-Proyecto\target\site\serenity\072376291384750f88afbe20d41fcb866d51840c092bfb1d75279767a21dab9b.png
23:31:42.563 [Darkroom Processing Line] DEBUG net.serenitybdd.core.photography.DarkroomProcessingLine - Processing screenshot image in /var/screenshots/screenshot-4169858384449088275
23:31:42.563 [Darkroom Processing Line] DEBUG net.serenitybdd.core.photography.DarkroomProcessingLine - Saving screenshot to C:\Users\Fitideas\Desktop\My-Proyecto\target\site\serenity\072376291384750f88afbe20d41fcb866d51840c092bfb1d75279767a21dab9b.png
23:31:42.563 [Test worker] DEBUG net.thucydides.core.steps.StepInterceptor - STARTING STEP: Stays.performAs - {0} clicks on #target
23:31:42.564 [Test worker] DEBUG net.serenitybdd.screenplay.targets.IFrameSwitcher - default content already selected for Search
23:31:49.610 [Test worker] DEBUG net.serenitybdd.core.photography.Darkroom - Send negative for processing for C:\Users\Fitideas\Desktop\My-Proyecto\target\site\serenity\12a5c6c0fa8c8d998249ccc34d5f64675318e17b76ea0ded13fd9c380a2162a6.png
23:31:49.610 [Test worker] DEBUG net.thucydides.core.steps.StepInterceptor - STEP DONE: {0} clicks on #target
23:31:49.611 [Darkroom Processing Line] DEBUG net.serenitybdd.core.photography.DarkroomProcessingLine - Processing screenshot image in /var/screenshots/screenshot-2389424452720524558
23:31:49.611 [Darkroom Processing Line] DEBUG net.serenitybdd.core.photography.DarkroomProcessingLine - Saving screenshot to C:\Users\Fitideas\Desktop\My-Proyecto\target\site\serenity\12a5c6c0fa8c8d998249ccc34d5f64675318e17b76ea0ded13fd9c380a2162a6.png
23:31:49.635 [Test worker] DEBUG net.thucydides.core.steps.StepInterceptor - STEP DONE: performAs
  ?[32mCuando ?[0m?[32mDigita la informacion de la ciudad a visitar?[0m                      ?[90m# automation.qa.ui.steps.StaysSteps.customerEnterStaysData(java.util.List<automation.qa.ui.dtos.StaysData>)?[0m
23:31:50.056 [Test worker] DEBUG net.serenitybdd.core.photography.Darkroom - Send negative for processing for C:\Users\Fitideas\Desktop\My-Proyecto\target\site\serenity\66a47fd71bd67e803c66db128b9eeff3ae03420a2d19535b680d73110d891d92.png
23:31:50.056 [Darkroom Processing Line] DEBUG net.serenitybdd.core.photography.DarkroomProcessingLine - Processing screenshot image in /var/screenshots/screenshot-3056445767110259552
23:31:50.056 [Darkroom Processing Line] DEBUG net.serenitybdd.core.photography.DarkroomProcessingLine - Saving screenshot to C:\Users\Fitideas\Desktop\My-Proyecto\target\site\serenity\66a47fd71bd67e803c66db128b9eeff3ae03420a2d19535b680d73110d891d92.png
23:31:50.074 [Test worker] DEBUG net.serenitybdd.screenplay.targets.IFrameSwitcher - default content already selected for Search Result
  ?[32mEntonces ?[0m?[32mEl sistema le mostrara los resultados de la busqueda?[0m            ?[90m# automation.qa.ui.steps.StaysSteps.customerSuccess()?[0m
23:31:50.535 [Test worker] DEBUG net.serenitybdd.core.photography.Darkroom - Send negative for processing for C:\Users\Fitideas\Desktop\My-Proyecto\target\site\serenity\66a47fd71bd67e803c66db128b9eeff3ae03420a2d19535b680d73110d891d92.png
23:31:50.574 [Test worker] DEBUG net.thucydides.core.steps.StepInterceptor - STARTING STEP: StaysSteps.customerSearchHotel - performAs
23:31:50.938 [Test worker] DEBUG net.serenitybdd.core.photography.Darkroom - Send negative for processing for C:\Users\Fitideas\Desktop\My-Proyecto\target\site\serenity\66a47fd71bd67e803c66db128b9eeff3ae03420a2d19535b680d73110d891d92.png
23:31:50.939 [Test worker] DEBUG net.thucydides.core.steps.StepInterceptor - STARTING STEP: HotelResults.performAs - {0} clicks on #target
23:31:50.940 [Test worker] DEBUG net.serenitybdd.screenplay.targets.IFrameSwitcher - default content already selected for Hotel
23:31:51.952 [Test worker] DEBUG net.serenitybdd.core.photography.Darkroom - Send negative for processing for C:\Users\Fitideas\Desktop\My-Proyecto\target\site\serenity\66a47fd71bd67e803c66db128b9eeff3ae03420a2d19535b680d73110d891d92.png
23:31:51.953 [Test worker] DEBUG net.thucydides.core.steps.StepInterceptor - STEP DONE: {0} clicks on #target
23:31:51.986 [Test worker] DEBUG net.thucydides.core.steps.StepInterceptor - STEP DONE: performAs
  ?[32mCuando ?[0m?[32mSeleccione un hotel?[0m                                               ?[90m# automation.qa.ui.steps.StaysSteps.customerSearchHotel()?[0m
23:31:52.809 [Test worker] DEBUG net.serenitybdd.core.photography.Darkroom - Send negative for processing for C:\Users\Fitideas\Desktop\My-Proyecto\target\site\serenity\66a47fd71bd67e803c66db128b9eeff3ae03420a2d19535b680d73110d891d92.png
23:31:53.868 [Test worker] INFO  - 
        __    _____ _____ ____ _____   ____   _    ____  ____  _____ ____  
  _     \ \  |_   _| ____/ ___|_   _| |  _ \ / \  / ___|/ ___|| ____|  _ \ 
 (_)_____| |   | | |  _| \___ \ | |   | |_) / _ \ \___ \\___ \|  _| | | | |
  _|_____| |   | | | |___ ___) || |   |  __/ ___ \ ___) |___) | |___| |_| |
 (_)     | |   |_| |_____|____/ |_|   |_| /_/   \_\____/|____/|_____|____/ 
        /_/                                                                

Flujo exitoso para cliente que busca informacion sobre un hotel
----------------------------------------------------------------------------
]]></system-out>
  <system-err><![CDATA[jun 01, 2021 11:31:29 PM org.openqa.selenium.remote.DesiredCapabilities chrome
INFORMACIÓN: Using `new ChromeOptions()` is preferred to `DesiredCapabilities.chrome()`
Starting ChromeDriver 91.0.4472.19 (1bf021f248676a0b2ab3ee0561d83a59e424c23e-refs/branch-heads/4472@{#288}) on port 42833
Only local connections are allowed.
Please see https://chromedriver.chromium.org/security-considerations for suggestions on keeping ChromeDriver safe.
ChromeDriver was started successfully.
jun 01, 2021 11:31:30 PM org.openqa.selenium.remote.ProtocolHandshake createSession
INFORMACIÓN: Detected dialect: W3C
]]></system-err>
</testsuite>
