<?xml version="1.0" encoding="UTF-8"?>
<testsuite name="Busqueda basica de un hotel" tests="1" skipped="0" failures="0" errors="0" timestamp="2021-06-01T05:50:28" hostname="LAPTOP-6N9OQL9L" time="31.427">
  <properties/>
  <testcase name="Flujo exitoso para cliente que busca un hotel" classname="Busqueda basica de un hotel" time="31.427"/>
  <system-out><![CDATA[
Escenario: Flujo exitoso para cliente que busca un hotel        ?[90m# src/test/resources/features/01_basic_search.feature:5?[0m
Feature from file:///C:/Users/Fitideas/Desktop/My-Proyecto/src/test/resources/features/01_basic_search.feature
00:50:28.162 [Test worker] INFO  - 
 _____ _____ ____ _____   ____ _____  _    ____ _____ _____ ____  
|_   _| ____/ ___|_   _| / ___|_   _|/ \  |  _ \_   _| ____|  _ \ 
  | | |  _| \___ \ | |   \___ \ | | / _ \ | |_) || | |  _| | | | |
  | | | |___ ___) || |    ___) || |/ ___ \|  _ < | | | |___| |_| |
  |_| |_____|____/ |_|   |____/ |_/_/   \_\_| \_\|_| |_____|____/ 

Flujo exitoso para cliente que busca un hotel(busqueda-basica-de-un-hotel;flujo-exitoso-para-cliente-que-busca-un-hotel)
-------------------------------------------------------------------
00:50:28.218 [Test worker] DEBUG net.thucydides.core.requirements.model.cucumber.CucumberParser - Added feature Busqueda basica de un hotel
00:50:28.868 [Test worker] INFO net.serenitybdd.core.webdriver.driverproviders.ProvideNewDriver - Instantiating driver
00:50:28.868 [Test worker] INFO net.serenitybdd.core.webdriver.driverproviders.ProvideNewDriver - Driver capabilities: Capabilities {acceptInsecureCerts: false, browserName: chrome, chrome.switches: --start-maximized;--test-ty..., goog:chromeOptions: {args: [--start-maximized, --test-type, --no-sandbox, --ignore-certificate-errors..., --disable-popup-blocking, --disable-default-apps, --disable-extensions-file-a..., --incognito, --disable-infobars, --disable-gpu], extensions: []}, loggingPrefs: org.openqa.selenium.logging..., platform: ANY, version: }
00:50:35.557 [Test worker] DEBUG net.thucydides.core.util.PropertiesFileLocalPreferences - webdriver.driver=chrome
00:50:35.557 [Test worker] DEBUG net.thucydides.core.util.PropertiesFileLocalPreferences - drivers.windows.webdriver.chrome.driver=src/test/resources/webdriver/windows/chromedriver.exe
00:50:35.557 [Test worker] DEBUG net.thucydides.core.util.PropertiesFileLocalPreferences - serenity.take.screenshots.for.questions=for_failures
00:50:35.557 [Test worker] DEBUG net.thucydides.core.util.PropertiesFileLocalPreferences - environments.default.webdriver.base.url=https://www.travelocity.com/
00:50:35.558 [Test worker] DEBUG net.thucydides.core.util.PropertiesFileLocalPreferences - serenity.browser.height=1000
00:50:35.558 [Test worker] DEBUG net.thucydides.core.util.PropertiesFileLocalPreferences - serenity.browser.width=1200
00:50:35.558 [Test worker] DEBUG net.thucydides.core.util.PropertiesFileLocalPreferences - chrome.switches=--start-maximized;--test-type;--no-sandbox;--ignore-certificate-errors;\r\n                   --disable-popup-blocking;--disable-default-apps;--disable-extensions-file-access-check;\r\n                   --incognito;--disable-infobars,--disable-gpu
00:50:35.558 [Test worker] DEBUG net.thucydides.core.util.PropertiesFileLocalPreferences - drivers.windows.webdriver.gecko.driver=src/test/resources/webdriver/windows/geckodriver.exe
00:50:35.558 [Test worker] DEBUG net.thucydides.core.util.PropertiesFileLocalPreferences - headless.mode=false
00:50:35.593 [Test worker] DEBUG net.serenitybdd.core.photography.Darkroom - Opening darkroom
00:50:35.593 [Darkroom Processing Line] DEBUG net.serenitybdd.core.photography.DarkroomProcessingLine - Darkroom processing line starting up
00:50:35.954 [Test worker] DEBUG net.serenitybdd.core.photography.Darkroom - Send negative for processing for C:\Users\Fitideas\Desktop\My-Proyecto\target\site\serenity\d318b19f2b000b8a5b68fa9c8ba3ac0c08b3b11ec7c29f005322adfa6a9b9cc3.png
00:50:35.956 [Test worker] DEBUG net.thucydides.core.steps.StepInterceptor - STARTING STEP: StaysSteps.customerBegin - {0}Se inicia el proceso
00:50:35.982 [Test worker] DEBUG net.thucydides.core.steps.StepInterceptor - STARTING STEP: StartFlow.performAs - {0} opens the #url
00:50:42.322 [Test worker] DEBUG net.serenitybdd.core.photography.Darkroom - Send negative for processing for C:\Users\Fitideas\Desktop\My-Proyecto\target\site\serenity\e3f6b77b0a88ccc64db884f338f1ccec5926b75040582c2ae6d53963bd5cd7e3.png
00:50:42.325 [Test worker] DEBUG net.thucydides.core.steps.StepInterceptor - STEP DONE: {0} opens the #url
00:50:42.349 [Test worker] DEBUG net.thucydides.core.steps.StepInterceptor - STEP DONE: {0}Se inicia el proceso
  ?[32mDado ?[0m?[32mQue ?[0m?[32m?[1mJuan?[0m?[32m es un usuario que ingresa a la aplicacion?[0m       ?[90m# automation.qa.ui.steps.StaysSteps.customerBegin(java.lang.String)?[0m
Step argument class io.cucumber.core.gherkin.vintage.GherkinVintageDataTableArgument
00:50:42.969 [Test worker] DEBUG net.serenitybdd.core.photography.Darkroom - Send negative for processing for C:\Users\Fitideas\Desktop\My-Proyecto\target\site\serenity\245d4b934260ec759a49a4248649ad3a5c701f8ddaacb307216d721d24ef2e5d.png
00:50:42.999 [Test worker] DEBUG net.thucydides.core.steps.StepInterceptor - STARTING STEP: StaysSteps.customerEnterStaysData - performAs
00:50:43.495 [Test worker] DEBUG net.serenitybdd.core.photography.Darkroom - Send negative for processing for C:\Users\Fitideas\Desktop\My-Proyecto\target\site\serenity\245d4b934260ec759a49a4248649ad3a5c701f8ddaacb307216d721d24ef2e5d.png
00:50:43.496 [Test worker] DEBUG net.thucydides.core.steps.StepInterceptor - STARTING STEP: Stays.performAs - {0} clicks on #target
00:50:43.498 [Test worker] DEBUG net.serenitybdd.screenplay.targets.IFrameSwitcher - default content already selected for Going To
00:50:44.204 [Test worker] DEBUG net.serenitybdd.core.photography.Darkroom - Send negative for processing for C:\Users\Fitideas\Desktop\My-Proyecto\target\site\serenity\f31766a182aec1898d46addc29ed71595dc517c51d72b40e5f6f2e5a06992676.png
00:50:44.205 [Test worker] DEBUG net.thucydides.core.steps.StepInterceptor - STEP DONE: {0} clicks on #target
00:50:44.205 [Darkroom Processing Line] DEBUG net.serenitybdd.core.photography.DarkroomProcessingLine - Processing screenshot image in /var/screenshots/screenshot-5700567779333183973
00:50:44.205 [Darkroom Processing Line] DEBUG net.serenitybdd.core.photography.DarkroomProcessingLine - Saving screenshot to C:\Users\Fitideas\Desktop\My-Proyecto\target\site\serenity\f31766a182aec1898d46addc29ed71595dc517c51d72b40e5f6f2e5a06992676.png
00:50:44.228 [Test worker] DEBUG net.thucydides.core.steps.StepInterceptor - STARTING STEP: Stays.performAs - {0} enters #theTextAsAString into #target
00:50:44.230 [Test worker] DEBUG net.serenitybdd.screenplay.targets.IFrameSwitcher - default content already selected for Going To
00:50:44.760 [Test worker] DEBUG net.serenitybdd.screenplay.targets.IFrameSwitcher - default content already selected for Going To
00:50:45.216 [Test worker] DEBUG net.serenitybdd.core.photography.Darkroom - Send negative for processing for C:\Users\Fitideas\Desktop\My-Proyecto\target\site\serenity\11d08e80d4c602b03d42e487bfdcb8fe6290c90d3cbf86daf027095e15b79cb6.png
00:50:45.216 [Test worker] DEBUG net.thucydides.core.steps.StepInterceptor - STEP DONE: {0} enters #theTextAsAString into #target
00:50:45.216 [Darkroom Processing Line] DEBUG net.serenitybdd.core.photography.DarkroomProcessingLine - Processing screenshot image in /var/screenshots/screenshot-7498258870258055787
00:50:45.216 [Darkroom Processing Line] DEBUG net.serenitybdd.core.photography.DarkroomProcessingLine - Saving screenshot to C:\Users\Fitideas\Desktop\My-Proyecto\target\site\serenity\11d08e80d4c602b03d42e487bfdcb8fe6290c90d3cbf86daf027095e15b79cb6.png
00:50:45.219 [Test worker] DEBUG net.serenitybdd.screenplay.targets.IFrameSwitcher - default content already selected for Search
00:50:45.908 [Test worker] DEBUG net.serenitybdd.core.photography.Darkroom - Send negative for processing for C:\Users\Fitideas\Desktop\My-Proyecto\target\site\serenity\ccdea5c780bf9d789b39a015a622aff690eb747548d283b8bf22f59ada0a57cb.png
00:50:45.908 [Darkroom Processing Line] DEBUG net.serenitybdd.core.photography.DarkroomProcessingLine - Processing screenshot image in /var/screenshots/screenshot-265045106806689610
00:50:45.908 [Darkroom Processing Line] DEBUG net.serenitybdd.core.photography.DarkroomProcessingLine - Saving screenshot to C:\Users\Fitideas\Desktop\My-Proyecto\target\site\serenity\ccdea5c780bf9d789b39a015a622aff690eb747548d283b8bf22f59ada0a57cb.png
00:50:45.908 [Test worker] DEBUG net.thucydides.core.steps.StepInterceptor - STARTING STEP: Stays.performAs - {0} clicks on #target
00:50:45.910 [Test worker] DEBUG net.serenitybdd.screenplay.targets.IFrameSwitcher - default content already selected for Search
00:50:57.429 [Test worker] DEBUG net.serenitybdd.core.photography.Darkroom - Send negative for processing for C:\Users\Fitideas\Desktop\My-Proyecto\target\site\serenity\ad7db3ca29864b1a62e2d4ffa89a5903d64119c46c7707a78a32ce50224ae2c9.png
00:50:57.430 [Test worker] DEBUG net.thucydides.core.steps.StepInterceptor - STEP DONE: {0} clicks on #target
00:50:57.430 [Darkroom Processing Line] DEBUG net.serenitybdd.core.photography.DarkroomProcessingLine - Processing screenshot image in /var/screenshots/screenshot-5031589180096045259
00:50:57.430 [Darkroom Processing Line] DEBUG net.serenitybdd.core.photography.DarkroomProcessingLine - Saving screenshot to C:\Users\Fitideas\Desktop\My-Proyecto\target\site\serenity\ad7db3ca29864b1a62e2d4ffa89a5903d64119c46c7707a78a32ce50224ae2c9.png
00:50:57.442 [Test worker] DEBUG net.thucydides.core.steps.StepInterceptor - STEP DONE: performAs
  ?[32mCuando ?[0m?[32mDigita la informacion de la ciudad a visitar?[0m           ?[90m# automation.qa.ui.steps.StaysSteps.customerEnterStaysData(java.util.List<automation.qa.ui.dtos.StaysData>)?[0m
00:50:58.020 [Test worker] DEBUG net.serenitybdd.screenplay.targets.IFrameSwitcher - default content already selected for Search Result
  ?[32mEntonces ?[0m?[32mEl sistema le mostrara los resultados de la busqueda?[0m ?[90m# automation.qa.ui.steps.StaysSteps.customerSuccess()?[0m
00:50:58.519 [Test worker] DEBUG net.serenitybdd.core.photography.Darkroom - Send negative for processing for C:\Users\Fitideas\Desktop\My-Proyecto\target\site\serenity\28fe3398432914f0512e21ca2adc51fa234fe5981ec402dda39e09b9d590d854.png
00:50:58.519 [Darkroom Processing Line] DEBUG net.serenitybdd.core.photography.DarkroomProcessingLine - Processing screenshot image in /var/screenshots/screenshot-6046409076394250914
00:50:58.519 [Darkroom Processing Line] DEBUG net.serenitybdd.core.photography.DarkroomProcessingLine - Saving screenshot to C:\Users\Fitideas\Desktop\My-Proyecto\target\site\serenity\28fe3398432914f0512e21ca2adc51fa234fe5981ec402dda39e09b9d590d854.png
00:50:59.437 [Test worker] INFO  - 
        __    _____ _____ ____ _____   ____   _    ____  ____  _____ ____  
  _     \ \  |_   _| ____/ ___|_   _| |  _ \ / \  / ___|/ ___|| ____|  _ \ 
 (_)_____| |   | | |  _| \___ \ | |   | |_) / _ \ \___ \\___ \|  _| | | | |
  _|_____| |   | | | |___ ___) || |   |  __/ ___ \ ___) |___) | |___| |_| |
 (_)     | |   |_| |_____|____/ |_|   |_| /_/   \_\____/|____/|_____|____/ 
        /_/                                                                

Flujo exitoso para cliente que busca un hotel
----------------------------------------------------------------------------
]]></system-out>
  <system-err><![CDATA[jun 01, 2021 12:50:28 AM org.openqa.selenium.remote.DesiredCapabilities chrome
INFORMACIÓN: Using `new ChromeOptions()` is preferred to `DesiredCapabilities.chrome()`
Starting ChromeDriver 91.0.4472.19 (1bf021f248676a0b2ab3ee0561d83a59e424c23e-refs/branch-heads/4472@{#288}) on port 37963
Only local connections are allowed.
Please see https://chromedriver.chromium.org/security-considerations for suggestions on keeping ChromeDriver safe.
ChromeDriver was started successfully.
jun 01, 2021 12:50:31 AM org.openqa.selenium.remote.ProtocolHandshake createSession
INFORMACIÓN: Detected dialect: W3C
]]></system-err>
</testsuite>
