<?xml version="1.0" encoding="UTF-8"?>
<testsuite name="Busqueda basica de un hotel" tests="1" skipped="0" failures="0" errors="0" timestamp="2021-06-02T04:30:28" hostname="LAPTOP-6N9OQL9L" time="28.003">
  <properties/>
  <testcase name="Flujo exitoso para cliente que busca un hotel" classname="Busqueda basica de un hotel" time="28.003"/>
  <system-out><![CDATA[
Escenario: Flujo exitoso para cliente que busca un hotel        ?[90m# src/test/resources/features/01_basic_search.feature:5?[0m
Feature from file:///C:/Users/Fitideas/Desktop/My-Proyecto/src/test/resources/features/01_basic_search.feature
23:30:28.522 [Test worker] INFO  - 
 _____ _____ ____ _____   ____ _____  _    ____ _____ _____ ____  
|_   _| ____/ ___|_   _| / ___|_   _|/ \  |  _ \_   _| ____|  _ \ 
  | | |  _| \___ \ | |   \___ \ | | / _ \ | |_) || | |  _| | | | |
  | | | |___ ___) || |    ___) || |/ ___ \|  _ < | | | |___| |_| |
  |_| |_____|____/ |_|   |____/ |_/_/   \_\_| \_\|_| |_____|____/ 

Flujo exitoso para cliente que busca un hotel(busqueda-basica-de-un-hotel;flujo-exitoso-para-cliente-que-busca-un-hotel)
-------------------------------------------------------------------
23:30:28.583 [Test worker] DEBUG net.thucydides.core.requirements.model.cucumber.CucumberParser - Added feature Busqueda basica de un hotel
23:30:28.597 [Test worker] DEBUG net.thucydides.core.requirements.model.cucumber.CucumberParser - Added feature Busqueda basica para rentar un auto
23:30:28.602 [Test worker] DEBUG net.thucydides.core.requirements.model.cucumber.CucumberParser - Added feature ValidaciÃ³n de campos obligatorios para hospedaje
23:30:28.608 [Test worker] DEBUG net.thucydides.core.requirements.model.cucumber.CucumberParser - Added feature Validar informacion al intentar reservar un hotel
23:30:30.291 [Test worker] INFO net.serenitybdd.core.webdriver.driverproviders.ProvideNewDriver - Instantiating driver
23:30:30.292 [Test worker] INFO net.serenitybdd.core.webdriver.driverproviders.ProvideNewDriver - Driver capabilities: Capabilities {acceptInsecureCerts: false, browserName: chrome, chrome.switches: --start-maximized;--test-ty..., goog:chromeOptions: {args: [--start-maximized, --test-type, --no-sandbox, --ignore-certificate-errors..., --disable-popup-blocking, --disable-default-apps, --disable-extensions-file-a..., --incognito, --disable-infobars, --disable-gpu], extensions: []}, loggingPrefs: org.openqa.selenium.logging..., platform: ANY, version: }
23:30:33.652 [Test worker] DEBUG net.thucydides.core.util.PropertiesFileLocalPreferences - webdriver.driver=chrome
23:30:33.652 [Test worker] DEBUG net.thucydides.core.util.PropertiesFileLocalPreferences - drivers.windows.webdriver.chrome.driver=src/test/resources/webdriver/windows/chromedriver.exe
23:30:33.652 [Test worker] DEBUG net.thucydides.core.util.PropertiesFileLocalPreferences - serenity.take.screenshots.for.questions=for_failures
23:30:33.652 [Test worker] DEBUG net.thucydides.core.util.PropertiesFileLocalPreferences - environments.default.webdriver.base.url=https://www.travelocity.com/
23:30:33.652 [Test worker] DEBUG net.thucydides.core.util.PropertiesFileLocalPreferences - serenity.browser.height=1000
23:30:33.653 [Test worker] DEBUG net.thucydides.core.util.PropertiesFileLocalPreferences - serenity.browser.width=1200
23:30:33.653 [Test worker] DEBUG net.thucydides.core.util.PropertiesFileLocalPreferences - chrome.switches=--start-maximized;--test-type;--no-sandbox;--ignore-certificate-errors;\r\n                   --disable-popup-blocking;--disable-default-apps;--disable-extensions-file-access-check;\r\n                   --incognito;--disable-infobars,--disable-gpu
23:30:33.653 [Test worker] DEBUG net.thucydides.core.util.PropertiesFileLocalPreferences - drivers.windows.webdriver.gecko.driver=src/test/resources/webdriver/windows/geckodriver.exe
23:30:33.653 [Test worker] DEBUG net.thucydides.core.util.PropertiesFileLocalPreferences - headless.mode=false
23:30:33.716 [Test worker] DEBUG net.serenitybdd.core.photography.Darkroom - Opening darkroom
23:30:33.716 [Darkroom Processing Line] DEBUG net.serenitybdd.core.photography.DarkroomProcessingLine - Darkroom processing line starting up
23:30:34.033 [Test worker] DEBUG net.serenitybdd.core.photography.Darkroom - Send negative for processing for C:\Users\Fitideas\Desktop\My-Proyecto\target\site\serenity\d318b19f2b000b8a5b68fa9c8ba3ac0c08b3b11ec7c29f005322adfa6a9b9cc3.png
23:30:34.033 [Darkroom Processing Line] DEBUG net.serenitybdd.core.photography.DarkroomProcessingLine - Processing screenshot image in /var/screenshots/screenshot-6831284839557007381
23:30:34.033 [Darkroom Processing Line] DEBUG net.serenitybdd.core.photography.DarkroomProcessingLine - Saving screenshot to C:\Users\Fitideas\Desktop\My-Proyecto\target\site\serenity\d318b19f2b000b8a5b68fa9c8ba3ac0c08b3b11ec7c29f005322adfa6a9b9cc3.png
23:30:34.036 [Test worker] DEBUG net.thucydides.core.steps.StepInterceptor - STARTING STEP: StaysSteps.customerBegin - {0}Se inicia el proceso
23:30:34.068 [Test worker] DEBUG net.thucydides.core.steps.StepInterceptor - STARTING STEP: StartFlow.performAs - {0} opens the #url
23:30:39.282 [Test worker] DEBUG net.serenitybdd.core.photography.Darkroom - Send negative for processing for C:\Users\Fitideas\Desktop\My-Proyecto\target\site\serenity\61bc5183100bb55c035241fb2ea7b29391bf72432ced6dc43d97a4be8052cf35.png
23:30:39.283 [Darkroom Processing Line] DEBUG net.serenitybdd.core.photography.DarkroomProcessingLine - Processing screenshot image in /var/screenshots/screenshot-7038279766150543351
23:30:39.283 [Darkroom Processing Line] DEBUG net.serenitybdd.core.photography.DarkroomProcessingLine - Saving screenshot to C:\Users\Fitideas\Desktop\My-Proyecto\target\site\serenity\61bc5183100bb55c035241fb2ea7b29391bf72432ced6dc43d97a4be8052cf35.png
23:30:39.285 [Test worker] DEBUG net.thucydides.core.steps.StepInterceptor - STEP DONE: {0} opens the #url
23:30:39.302 [Test worker] DEBUG net.thucydides.core.steps.StepInterceptor - STEP DONE: {0}Se inicia el proceso
  ?[32mDado ?[0m?[32mQue ?[0m?[32m?[1mJuan?[0m?[32m es un usuario que ingresa a la aplicacion?[0m       ?[90m# automation.qa.ui.steps.StaysSteps.customerBegin(java.lang.String)?[0m
Step argument class io.cucumber.core.gherkin.vintage.GherkinVintageDataTableArgument
23:30:39.871 [Test worker] DEBUG net.serenitybdd.core.photography.Darkroom - Send negative for processing for C:\Users\Fitideas\Desktop\My-Proyecto\target\site\serenity\61bc5183100bb55c035241fb2ea7b29391bf72432ced6dc43d97a4be8052cf35.png
23:30:40.431 [Test worker] DEBUG net.serenitybdd.core.photography.Darkroom - Send negative for processing for C:\Users\Fitideas\Desktop\My-Proyecto\target\site\serenity\61bc5183100bb55c035241fb2ea7b29391bf72432ced6dc43d97a4be8052cf35.png
23:30:40.431 [Test worker] DEBUG net.thucydides.core.steps.StepInterceptor - STARTING STEP: StaysSteps.customerEnterStaysData - performAs
23:30:41.593 [Test worker] DEBUG net.serenitybdd.core.photography.Darkroom - Send negative for processing for C:\Users\Fitideas\Desktop\My-Proyecto\target\site\serenity\61bc5183100bb55c035241fb2ea7b29391bf72432ced6dc43d97a4be8052cf35.png
23:30:41.595 [Test worker] DEBUG net.thucydides.core.steps.StepInterceptor - STARTING STEP: Stays.performAs - {0} clicks on #target
23:30:41.597 [Test worker] DEBUG net.serenitybdd.screenplay.targets.IFrameSwitcher - default content already selected for Going To
23:30:43.331 [Test worker] DEBUG net.serenitybdd.core.photography.Darkroom - Send negative for processing for C:\Users\Fitideas\Desktop\My-Proyecto\target\site\serenity\1e87c87f139a8c380cf06cdfa1455906ae9b875c0e581cb92061273718faaf14.png
23:30:43.332 [Test worker] DEBUG net.thucydides.core.steps.StepInterceptor - STEP DONE: {0} clicks on #target
23:30:43.332 [Darkroom Processing Line] DEBUG net.serenitybdd.core.photography.DarkroomProcessingLine - Processing screenshot image in /var/screenshots/screenshot-5755245394827771079
23:30:43.333 [Darkroom Processing Line] DEBUG net.serenitybdd.core.photography.DarkroomProcessingLine - Saving screenshot to C:\Users\Fitideas\Desktop\My-Proyecto\target\site\serenity\1e87c87f139a8c380cf06cdfa1455906ae9b875c0e581cb92061273718faaf14.png
23:30:43.375 [Test worker] DEBUG net.thucydides.core.steps.StepInterceptor - STARTING STEP: Stays.performAs - {0} enters #theTextAsAString into #target
23:30:43.375 [Test worker] DEBUG net.serenitybdd.screenplay.targets.IFrameSwitcher - default content already selected for Going To
23:30:44.076 [Test worker] DEBUG net.serenitybdd.screenplay.targets.IFrameSwitcher - default content already selected for Going To
23:30:44.716 [Test worker] DEBUG net.serenitybdd.core.photography.Darkroom - Send negative for processing for C:\Users\Fitideas\Desktop\My-Proyecto\target\site\serenity\b93decb279d7efd01f76b078d9d3de84f294127a8abab6f7f10c88f4049e28ed.png
23:30:44.717 [Darkroom Processing Line] DEBUG net.serenitybdd.core.photography.DarkroomProcessingLine - Processing screenshot image in /var/screenshots/screenshot-6669195339907410479
23:30:44.717 [Test worker] DEBUG net.thucydides.core.steps.StepInterceptor - STEP DONE: {0} enters #theTextAsAString into #target
23:30:44.717 [Darkroom Processing Line] DEBUG net.serenitybdd.core.photography.DarkroomProcessingLine - Saving screenshot to C:\Users\Fitideas\Desktop\My-Proyecto\target\site\serenity\b93decb279d7efd01f76b078d9d3de84f294127a8abab6f7f10c88f4049e28ed.png
23:30:44.719 [Test worker] DEBUG net.serenitybdd.screenplay.targets.IFrameSwitcher - default content already selected for Search
23:30:45.425 [Test worker] DEBUG net.serenitybdd.core.photography.Darkroom - Send negative for processing for C:\Users\Fitideas\Desktop\My-Proyecto\target\site\serenity\576c99091deb7762d8126789d849e7a5703ea755ef7cb9117bdc713913eb7df7.png
23:30:45.425 [Darkroom Processing Line] DEBUG net.serenitybdd.core.photography.DarkroomProcessingLine - Processing screenshot image in /var/screenshots/screenshot-2549999395437341172
23:30:45.425 [Darkroom Processing Line] DEBUG net.serenitybdd.core.photography.DarkroomProcessingLine - Saving screenshot to C:\Users\Fitideas\Desktop\My-Proyecto\target\site\serenity\576c99091deb7762d8126789d849e7a5703ea755ef7cb9117bdc713913eb7df7.png
23:30:45.426 [Test worker] DEBUG net.thucydides.core.steps.StepInterceptor - STARTING STEP: Stays.performAs - {0} clicks on #target
23:30:45.427 [Test worker] DEBUG net.serenitybdd.screenplay.targets.IFrameSwitcher - default content already selected for Search
23:30:54.495 [Test worker] DEBUG net.serenitybdd.core.photography.Darkroom - Send negative for processing for C:\Users\Fitideas\Desktop\My-Proyecto\target\site\serenity\83ddd3d522594ad5a7872ea059b2d3e0bfe5ae7aa9f5f56c87589b2c4e622b63.png
23:30:54.496 [Darkroom Processing Line] DEBUG net.serenitybdd.core.photography.DarkroomProcessingLine - Processing screenshot image in /var/screenshots/screenshot-4614925520341424550
23:30:54.496 [Darkroom Processing Line] DEBUG net.serenitybdd.core.photography.DarkroomProcessingLine - Saving screenshot to C:\Users\Fitideas\Desktop\My-Proyecto\target\site\serenity\83ddd3d522594ad5a7872ea059b2d3e0bfe5ae7aa9f5f56c87589b2c4e622b63.png
23:30:54.496 [Test worker] DEBUG net.thucydides.core.steps.StepInterceptor - STEP DONE: {0} clicks on #target
23:30:54.523 [Test worker] DEBUG net.thucydides.core.steps.StepInterceptor - STEP DONE: performAs
  ?[32mCuando ?[0m?[32mDigita la informacion de la ciudad a visitar?[0m           ?[90m# automation.qa.ui.steps.StaysSteps.customerEnterStaysData(java.util.List<automation.qa.ui.dtos.StaysData>)?[0m
23:30:54.970 [Test worker] DEBUG net.serenitybdd.core.photography.Darkroom - Send negative for processing for C:\Users\Fitideas\Desktop\My-Proyecto\target\site\serenity\4e1e2c4ed4d51fd6029d3af15beb5efe5076c259858f5098854673cb0b4ff31f.png
23:30:54.971 [Darkroom Processing Line] DEBUG net.serenitybdd.core.photography.DarkroomProcessingLine - Processing screenshot image in /var/screenshots/screenshot-4219480168053179481
23:30:54.971 [Darkroom Processing Line] DEBUG net.serenitybdd.core.photography.DarkroomProcessingLine - Saving screenshot to C:\Users\Fitideas\Desktop\My-Proyecto\target\site\serenity\4e1e2c4ed4d51fd6029d3af15beb5efe5076c259858f5098854673cb0b4ff31f.png
23:30:55.092 [Test worker] DEBUG net.serenitybdd.screenplay.targets.IFrameSwitcher - default content already selected for Search Result
  ?[32mEntonces ?[0m?[32mEl sistema le mostrara los resultados de la busqueda?[0m ?[90m# automation.qa.ui.steps.StaysSteps.customerSuccess()?[0m
23:30:55.580 [Test worker] DEBUG net.serenitybdd.core.photography.Darkroom - Send negative for processing for C:\Users\Fitideas\Desktop\My-Proyecto\target\site\serenity\4e1e2c4ed4d51fd6029d3af15beb5efe5076c259858f5098854673cb0b4ff31f.png
23:30:56.370 [Test worker] INFO  - 
        __    _____ _____ ____ _____   ____   _    ____  ____  _____ ____  
  _     \ \  |_   _| ____/ ___|_   _| |  _ \ / \  / ___|/ ___|| ____|  _ \ 
 (_)_____| |   | | |  _| \___ \ | |   | |_) / _ \ \___ \\___ \|  _| | | | |
  _|_____| |   | | | |___ ___) || |   |  __/ ___ \ ___) |___) | |___| |_| |
 (_)     | |   |_| |_____|____/ |_|   |_| /_/   \_\____/|____/|_____|____/ 
        /_/                                                                

Flujo exitoso para cliente que busca un hotel
----------------------------------------------------------------------------
]]></system-out>
  <system-err><![CDATA[jun 01, 2021 11:30:28 PM org.openqa.selenium.remote.DesiredCapabilities chrome
INFORMACIÃN: Using `new ChromeOptions()` is preferred to `DesiredCapabilities.chrome()`
Starting ChromeDriver 91.0.4472.19 (1bf021f248676a0b2ab3ee0561d83a59e424c23e-refs/branch-heads/4472@{#288}) on port 9038
Only local connections are allowed.
Please see https://chromedriver.chromium.org/security-considerations for suggestions on keeping ChromeDriver safe.
ChromeDriver was started successfully.
jun 01, 2021 11:30:32 PM org.openqa.selenium.remote.ProtocolHandshake createSession
INFORMACIÃN: Detected dialect: W3C
]]></system-err>
</testsuite>
